<?xml version="1.0" encoding="UTF-8"?>
<!-- Generated by org.testng.reporters.JUnitReportReporter -->
<testsuite hostname="Ashok" failures="0" tests="12" name="ParallelClasses.CrossBrowsingTesting" time="118.949" errors="0" timestamp="2022-01-27T12:37:37 IST" skipped="0">
  <testcase classname="ParallelClasses.CrossBrowsingTesting" name="actiTime" time="17.562"/>
  <system-out/>
  <testcase classname="ParallelClasses.CrossBrowsingTesting" name="actiTime" time="16.586"/>
  <system-out/>
  <testcase classname="ParallelClasses.CrossBrowsingTesting" name="actiTime" time="18.043"/>
  <system-out/>
  <testcase classname="ParallelClasses.CrossBrowsingTesting" name="dargAndDrop" time="3.953"/>
  <system-out/>
  <testcase classname="ParallelClasses.CrossBrowsingTesting" name="dargAndDrop" time="3.907"/>
  <system-out/>
  <testcase classname="ParallelClasses.CrossBrowsingTesting" name="dargAndDrop" time="4.318"/>
  <system-out/>
  <testcase classname="ParallelClasses.CrossBrowsingTesting" name="dropDown" time="9.873"/>
  <system-out/>
  <testcase classname="ParallelClasses.CrossBrowsingTesting" name="dropDown" time="9.053"/>
  <system-out/>
  <testcase classname="ParallelClasses.CrossBrowsingTesting" name="dropDown" time="8.464"/>
  <system-out/>
  <testcase classname="ParallelClasses.CrossBrowsingTesting" name="fileUpLoad" time="8.111"/>
  <system-out>
    <![CDATA[File Uploaded!]]>
  </system-out>
  <testcase classname="ParallelClasses.CrossBrowsingTesting" name="fileUpLoad" time="9.690"/>
  <system-out>
    <![CDATA[File Uploaded!]]>
  </system-out>
  <testcase classname="ParallelClasses.CrossBrowsingTesting" name="fileUpLoad" time="9.389"/>
  <system-out>
    <![CDATA[File Uploaded!]]>
  </system-out>
</testsuite> <!-- ParallelClasses.CrossBrowsingTesting -->
