<?xml version="1.0" encoding="UTF-8"?>
<!-- Generated by org.testng.reporters.JUnitReportReporter -->
<testsuite hostname="Ashok" failures="0" tests="1" name="ParallelClasses.Jqueryui" time="5.567" errors="0" timestamp="2022-01-25T15:40:15 IST" skipped="0">
  <testcase classname="ParallelClasses.Jqueryui" name="dargAndDrop" time="5.567"/>
  <system-out/>
</testsuite> <!-- ParallelClasses.Jqueryui -->
