<?xml version="1.0" encoding="UTF-8"?>
<!-- Generated by org.testng.reporters.JUnitReportReporter -->
<testsuite hostname="Ashok" failures="0" tests="1" name="ParallelClasses.ActiTime" time="16.853" errors="0" timestamp="2022-01-25T15:40:15 IST" skipped="0">
  <testcase classname="ParallelClasses.ActiTime" name="actiTime" time="16.853"/>
  <system-out/>
</testsuite> <!-- ParallelClasses.ActiTime -->
