<?xml version="1.0" encoding="UTF-8"?>
<!-- Generated by org.testng.reporters.JUnitReportReporter -->
<testsuite hostname="Ashok" failures="0" tests="1" name="ParallelClasses.HryTutorial" time="31.659" errors="0" timestamp="2022-01-25T15:40:15 IST" skipped="0">
  <testcase classname="ParallelClasses.HryTutorial" name="dropDown" time="31.659"/>
  <system-out/>
</testsuite> <!-- ParallelClasses.HryTutorial -->
