<?xml version="1.0" encoding="UTF-8"?>
<!-- Generated by org.testng.reporters.JUnitReportReporter -->
<testsuite hostname="Ashok" failures="0" tests="3" name="testNGParllel.Methods" time="9.922" errors="0" timestamp="2022-01-25T14:42:22 IST" skipped="0">
  <testcase classname="testNGParllel.Methods" name="chrome" time="1.993"/>
  <system-out/>
  <testcase classname="testNGParllel.Methods" name="edge" time="3.617"/>
  <system-out/>
  <testcase classname="testNGParllel.Methods" name="firefox" time="4.312"/>
  <system-out/>
</testsuite> <!-- testNGParllel.Methods -->
