<?xml version="1.0" encoding="UTF-8"?>
<!-- Generated by org.testng.reporters.JUnitReportReporter -->
<testsuite hostname="Ashok" failures="0" tests="1" name="testNGParllel.HerokuApp" time="11.105" errors="0" timestamp="2022-01-25T14:54:46 IST" skipped="0">
  <testcase classname="testNGParllel.HerokuApp" name="fileUpLoad" time="11.105"/>
  <system-out>
    <![CDATA[File Uploaded!]]>
  </system-out>
</testsuite> <!-- testNGParllel.HerokuApp -->
