<?xml version="1.0" encoding="UTF-8"?>
<!-- Generated by org.testng.reporters.JUnitReportReporter -->
<testsuite hostname="Ashok" failures="0" tests="4" name="testNGParllel.ParallelMethods" time="47.622" errors="0" timestamp="2022-01-25T14:50:56 IST" skipped="0">
  <testcase classname="testNGParllel.ParallelMethods" name="dropDown" time="9.883"/>
  <system-out/>
  <testcase classname="testNGParllel.ParallelMethods" name="dargAndDrop" time="5.550"/>
  <system-out/>
  <testcase classname="testNGParllel.ParallelMethods" name="herokuApp" time="11.163"/>
  <system-out>
    <![CDATA[File Uploaded!]]>
  </system-out>
  <testcase classname="testNGParllel.ParallelMethods" name="actiTime" time="21.026"/>
  <system-out/>
</testsuite> <!-- testNGParllel.ParallelMethods -->
