<?xml version="1.0" encoding="UTF-8"?>
<!-- Generated by org.testng.reporters.JUnitReportReporter -->
<testsuite hostname="Ashok" failures="0" tests="1" name="ParallelClasses.HerokuApp" time="10.924" errors="0" timestamp="2022-01-25T15:40:15 IST" skipped="0">
  <testcase classname="ParallelClasses.HerokuApp" name="fileUpLoad" time="10.924"/>
  <system-out>
    <![CDATA[File Uploaded!]]>
  </system-out>
</testsuite> <!-- ParallelClasses.HerokuApp -->
